{
  "RSpec": {
    "coverage": {
      "/home/flyingpotato/job-tests/altoros/app/models/user.rb": [
        1,
        1,
        1,
        null,
        1,
        1,
        null,
        1,
        6,
        null,
        null
      ],
      "/home/flyingpotato/job-tests/altoros/app/models/application_record.rb": [
        1,
        1,
        null
      ],
      "/home/flyingpotato/job-tests/altoros/app/controllers/dashboard_controller.rb": [
        1,
        1,
        0,
        0,
        0,
        0,
        null,
        null
      ],
      "/home/flyingpotato/job-tests/altoros/app/models/answer.rb": [
        1,
        1,
        1,
        null,
        1,
        null
      ],
      "/home/flyingpotato/job-tests/altoros/app/models/question.rb": [
        1,
        1,
        1,
        null,
        null,
        1,
        1,
        null,
        1,
        null
      ],
      "/home/flyingpotato/job-tests/altoros/app/models/tenant.rb": [
        1,
        1,
        null,
        1,
        1,
        null,
        1,
        1,
        null,
        1,
        null,
        1,
        1,
        null,
        null,
        1,
        1,
        null,
        null,
        1,
        1,
        1,
        null,
        null,
        1,
        3,
        3,
        null,
        null,
        1,
        null,
        1,
        4,
        null,
        null
      ],
      "/home/flyingpotato/job-tests/altoros/app/controllers/questions_controller.rb": [
        1,
        1,
        1,
        null,
        null,
        1,
        2,
        1,
        1,
        0,
        0,
        null,
        1,
        1,
        null,
        null,
        1,
        1,
        null,
        null,
        null,
        null,
        1,
        2,
        1,
        1,
        null,
        1,
        1,
        null,
        null,
        null,
        1,
        null,
        1,
        2,
        null,
        null,
        null,
        1,
        0,
        null,
        null,
        1,
        4,
        4,
        0,
        null,
        null,
        4,
        null,
        null
      ],
      "/home/flyingpotato/job-tests/altoros/app/controllers/application_controller.rb": [
        1,
        null
      ],
      "/home/flyingpotato/job-tests/altoros/app/serializers/question_serializer.rb": [
        1,
        1,
        null,
        1,
        null,
        null,
        1,
        1,
        null,
        1,
        5,
        null,
        5,
        5,
        null,
        5,
        null,
        null,
        1,
        null,
        null
      ],
      "/home/flyingpotato/job-tests/altoros/app/serializers/user_serializer.rb": [
        1,
        1,
        null,
        1,
        1,
        null
      ],
      "/home/flyingpotato/job-tests/altoros/app/jobs/application_job.rb": [
        0,
        0
      ],
      "/home/flyingpotato/job-tests/altoros/app/serializers/answer_serializer.rb": [
        0,
        0,
        null,
        0,
        0,
        null,
        0,
        0,
        0,
        0
      ],
      "/home/flyingpotato/job-tests/altoros/app/mailers/application_mailer.rb": [
        0,
        0,
        0,
        0
      ],
      "/home/flyingpotato/job-tests/altoros/app/channels/application_cable/channel.rb": [
        0,
        0,
        0,
        0
      ],
      "/home/flyingpotato/job-tests/altoros/app/channels/application_cable/connection.rb": [
        0,
        0,
        0,
        0
      ]
    },
    "timestamp": 1531200053
  }
}
