{
  "RSpec": {
    "coverage": {
      "/home/flyingpotato/job-tests/altoros/app/models/user.rb": [
        1,
        1,
        1,
        null,
        1,
        1,
        null
      ],
      "/home/flyingpotato/job-tests/altoros/app/models/application_record.rb": [
        1,
        1,
        null
      ],
      "/home/flyingpotato/job-tests/altoros/app/controllers/answers_controller.rb": [
        1,
        1,
        null,
        null,
        1,
        1,
        null,
        1,
        null,
        null,
        null,
        1,
        0,
        null,
        null,
        null,
        1,
        0,
        null,
        0,
        0,
        null,
        0,
        null,
        null,
        null,
        null,
        1,
        0,
        0,
        null,
        0,
        null,
        null,
        null,
        null,
        1,
        0,
        null,
        null,
        1,
        null,
        1,
        0,
        null,
        null,
        null,
        1,
        0,
        null,
        null
      ],
      "/home/flyingpotato/job-tests/altoros/app/controllers/application_controller.rb": [
        1,
        null
      ],
      "/home/flyingpotato/job-tests/altoros/app/models/answer.rb": [
        1,
        1,
        1,
        null,
        1,
        null
      ],
      "/home/flyingpotato/job-tests/altoros/app/controllers/questions_controller.rb": [
        1,
        1,
        null,
        null,
        1,
        1,
        null,
        1,
        null,
        null,
        null,
        1,
        0,
        null,
        null,
        null,
        1,
        0,
        null,
        0,
        0,
        null,
        0,
        null,
        null,
        null,
        null,
        1,
        0,
        0,
        null,
        0,
        null,
        null,
        null,
        null,
        1,
        0,
        null,
        null,
        1,
        null,
        1,
        0,
        null,
        null,
        null,
        1,
        0,
        null,
        null
      ],
      "/home/flyingpotato/job-tests/altoros/app/models/question.rb": [
        1,
        1,
        1,
        null,
        1,
        null
      ],
      "/home/flyingpotato/job-tests/altoros/app/controllers/tenants_controller.rb": [
        1,
        1,
        null,
        null,
        1,
        1,
        null,
        1,
        null,
        null,
        null,
        1,
        0,
        null,
        null,
        null,
        1,
        0,
        null,
        0,
        0,
        null,
        0,
        null,
        null,
        null,
        null,
        1,
        0,
        0,
        null,
        0,
        null,
        null,
        null,
        null,
        1,
        0,
        null,
        null,
        1,
        null,
        1,
        0,
        null,
        null,
        null,
        1,
        0,
        null,
        null
      ],
      "/home/flyingpotato/job-tests/altoros/app/models/tenant.rb": [
        1,
        1,
        1,
        1,
        1,
        1,
        null
      ],
      "/home/flyingpotato/job-tests/altoros/app/controllers/users_controller.rb": [
        1,
        1,
        null,
        null,
        1,
        1,
        null,
        1,
        null,
        null,
        null,
        1,
        0,
        null,
        null,
        null,
        1,
        0,
        null,
        0,
        0,
        null,
        0,
        null,
        null,
        null,
        null,
        1,
        0,
        0,
        null,
        0,
        null,
        null,
        null,
        null,
        1,
        0,
        null,
        null,
        1,
        null,
        1,
        0,
        null,
        null,
        null,
        1,
        0,
        null,
        null
      ],
      "/home/flyingpotato/job-tests/altoros/app/jobs/application_job.rb": [
        0,
        0
      ],
      "/home/flyingpotato/job-tests/altoros/app/mailers/application_mailer.rb": [
        0,
        0,
        0,
        0
      ],
      "/home/flyingpotato/job-tests/altoros/app/channels/application_cable/channel.rb": [
        0,
        0,
        0,
        0
      ],
      "/home/flyingpotato/job-tests/altoros/app/channels/application_cable/connection.rb": [
        0,
        0,
        0,
        0
      ]
    },
    "timestamp": 1530652748
  }
}
